<?xml version="1.0" encoding="UTF-8"?>
<!-- Generated by org.testng.reporters.JUnitReportReporter -->
<testsuite hostname="DESKTOP-NOIDJ9F" failures="0" tests="1" name="com.Hrms.Testcases.LoginTest" time="5.486" errors="0" timestamp="2023-10-11T08:02:36 IST" skipped="0">
  <testcase classname="com.Hrms.Testcases.LoginTest" name="verifylogin" time="5.486"/>
  <system-out/>
</testsuite> <!-- com.Hrms.Testcases.LoginTest -->
